<?xml version="1.0" encoding="UTF-8"?>
<testsuite name="PayCalculatorTest" tests="1" skipped="0" failures="0" errors="0" timestamp="2019-04-11T15:04:08" hostname="Integrals-MacBook-Pro.local" time="0.001">
  <properties/>
  <testcase name="workZeroHours_PayIsZero" classname="PayCalculatorTest" time="0.001"/>
  <system-out><![CDATA[]]></system-out>
  <system-err><![CDATA[]]></system-err>
</testsuite>
